2019-02-02 14:13:27,837 :::: sampling_interface :::: 24 :::: INFO |||||   Retrieved sampling function: <function explore_macrostates at 0x2b1be41d6410>
2019-02-02 14:13:27,837 :::: sampling_interface :::: 26 :::: INFO |||||   Backup sampling function: <function random_sampling_trajectories at 0x2b1be41d60c8>
2019-02-02 14:29:27,496 :::: sampling_interface :::: 24 :::: INFO |||||   Retrieved sampling function: <function explore_macrostates at 0x2ba6278cab90>
2019-02-02 14:29:27,497 :::: sampling_interface :::: 26 :::: INFO |||||   Backup sampling function: <function random_sampling_trajectories at 0x2ba6278ca848>
2019-02-02 14:29:35,568 :::: sampling_interface :::: 24 :::: INFO |||||   Retrieved sampling function: <function explore_macrostates at 0x2ba6278cab90>
2019-02-02 14:29:35,568 :::: sampling_interface :::: 26 :::: INFO |||||   Backup sampling function: <function random_sampling_trajectories at 0x2ba6278ca848>
2019-02-02 14:33:02,851 :::: sampling_interface :::: 64 :::: ERROR |||||   Sampling was unsuccessful due to this error:
2019-02-02 14:33:02,856 :::: sampling_interface :::: 65 :::: ERROR |||||   None
2019-02-02 14:33:09,827 :::: sampling_interface :::: 74 :::: INFO |||||   frames sampled from function: <function random_sampling_trajectories at 0x2ba6278ca848>
2019-02-02 14:33:09,828 :::: sampling_interface :::: 75 :::: INFO |||||   [Frame(sandbox:///{}/00001698/[1050000])]
2019-02-02 14:35:32,408 :::: sampling_interface :::: 24 :::: INFO |||||   Retrieved sampling function: <function explore_macrostates at 0x2adcadb7ab90>
2019-02-02 14:35:32,409 :::: sampling_interface :::: 26 :::: INFO |||||   Backup sampling function: <function random_sampling_trajectories at 0x2adcadb7a848>
2019-02-02 14:37:35,247 :::: sampling_interface :::: 24 :::: INFO |||||   Retrieved sampling function: <function explore_macrostates at 0x2adcadb7ab90>
2019-02-02 14:37:35,248 :::: sampling_interface :::: 26 :::: INFO |||||   Backup sampling function: <function random_sampling_trajectories at 0x2adcadb7a848>
2019-02-02 14:38:08,100 :::: sampling_interface :::: 64 :::: ERROR |||||   Sampling was unsuccessful due to this error:
2019-02-02 14:38:08,104 :::: sampling_interface :::: 65 :::: ERROR |||||   None
2019-02-02 14:50:34,334 :::: sampling_interface :::: 24 :::: INFO |||||   Retrieved sampling function: <function explore_macrostates at 0x2b31f1692b90>
2019-02-02 14:50:34,335 :::: sampling_interface :::: 26 :::: INFO |||||   Backup sampling function: <function random_sampling_trajectories at 0x2b31f1692848>
2019-02-02 14:50:53,001 :::: sampling_interface :::: 74 :::: INFO |||||   frames sampled from function: <function explore_macrostates at 0x2b31f1692b90>
2019-02-02 14:50:53,001 :::: sampling_interface :::: 75 :::: INFO |||||   []
2019-02-02 14:51:07,293 :::: sampling_interface :::: 24 :::: INFO |||||   Retrieved sampling function: <function explore_macrostates at 0x2b31f1692b90>
2019-02-02 14:51:07,293 :::: sampling_interface :::: 26 :::: INFO |||||   Backup sampling function: <function random_sampling_trajectories at 0x2b31f1692848>
2019-02-02 14:51:55,341 :::: sampling_interface :::: 24 :::: INFO |||||   Retrieved sampling function: <function explore_macrostates at 0x2b31f1692b90>
2019-02-02 14:51:55,342 :::: sampling_interface :::: 26 :::: INFO |||||   Backup sampling function: <function random_sampling_trajectories at 0x2b31f1692848>
2019-02-02 14:52:55,132 :::: sampling_interface :::: 74 :::: INFO |||||   frames sampled from function: <function explore_macrostates at 0x2b31f1692b90>
2019-02-02 14:52:55,133 :::: sampling_interface :::: 75 :::: INFO |||||   []
